HoriV13/build/outputs/logs/manifest-merger-debug-report.txt
-- Merging decision tree log ---
manifest
ADDED from src\main\AndroidManifest.xml:2:1-77:12
	xmlns:android
		ADDED from src\main\AndroidManifest.xml:2:11-69
	package
		ADDED from src\main\AndroidManifest.xml:3:5-31
		INJECTED from src\main\AndroidManifest.xml
		INJECTED from src\main\AndroidManifest.xml
	android:versionName
		ADDED from src\main\AndroidManifest.xml:5:5-30
		INJECTED from src\main\AndroidManifest.xml
		INJECTED from src\main\AndroidManifest.xml
	android:versionCode
		ADDED from src\main\AndroidManifest.xml:4:5-28
		INJECTED from src\main\AndroidManifest.xml
		INJECTED from src\main\AndroidManifest.xml
uses-sdk
ADDED from src\main\AndroidManifest.xml:7:5-9:41
	android:targetSdkVersion
		ADDED from src\main\AndroidManifest.xml:9:9-38
		INJECTED from src\main\AndroidManifest.xml
		INJECTED from src\main\AndroidManifest.xml
	android:minSdkVersion
		ADDED from src\main\AndroidManifest.xml:8:9-35
		INJECTED from src\main\AndroidManifest.xml
		INJECTED from src\main\AndroidManifest.xml
uses-permission#android.permission.INTERNET
ADDED from src\main\AndroidManifest.xml:11:2-63
	android:name
		ADDED from src\main\AndroidManifest.xml:11:19-61
uses-permission#android.permission.ACCESS_WIFI_STATE
ADDED from src\main\AndroidManifest.xml:12:5-75
	android:name
		ADDED from src\main\AndroidManifest.xml:12:22-73
uses-permission#android.permission.CAMERA
ADDED from src\main\AndroidManifest.xml:13:5-64
	android:name
		ADDED from src\main\AndroidManifest.xml:13:22-62
uses-permission#android.permission.WRITE_EXTERNAL_STORAGE
ADDED from src\main\AndroidManifest.xml:14:5-80
	android:name
		ADDED from src\main\AndroidManifest.xml:14:22-78
uses-permission#android.permission.READ_EXTERNAL_STORAGE
ADDED from src\main\AndroidManifest.xml:15:6-80
	android:name
		ADDED from src\main\AndroidManifest.xml:15:23-78
uses-feature#android.hardware.camera
ADDED from src\main\AndroidManifest.xml:16:5-84
	android:required
		ADDED from src\main\AndroidManifest.xml:16:58-82
	android:name
		ADDED from src\main\AndroidManifest.xml:16:19-57
uses-feature#android.hardware.camera.autofocus
ADDED from src\main\AndroidManifest.xml:17:5-94
	android:required
		ADDED from src\main\AndroidManifest.xml:17:68-92
	android:name
		ADDED from src\main\AndroidManifest.xml:17:19-67
uses-feature#android.hardware.camera.front
ADDED from src\main\AndroidManifest.xml:18:5-90
	android:required
		ADDED from src\main\AndroidManifest.xml:18:64-88
	android:name
		ADDED from src\main\AndroidManifest.xml:18:19-63
uses-feature#android.hardware.camera.front.autofocus
ADDED from src\main\AndroidManifest.xml:19:5-100
	android:required
		ADDED from src\main\AndroidManifest.xml:19:74-98
	android:name
		ADDED from src\main\AndroidManifest.xml:19:19-73
uses-permission#android.permission.RECORD_AUDIO
ADDED from src\main\AndroidManifest.xml:20:5-70
	android:name
		ADDED from src\main\AndroidManifest.xml:20:22-68
uses-permission#android.permission.VIBRATE
ADDED from src\main\AndroidManifest.xml:21:5-65
	android:name
		ADDED from src\main\AndroidManifest.xml:21:22-63
application
ADDED from src\main\AndroidManifest.xml:25:5-75:19
	android:label
		ADDED from src\main\AndroidManifest.xml:28:9-41
	android:allowBackup
		ADDED from src\main\AndroidManifest.xml:26:9-35
	android:icon
		ADDED from src\main\AndroidManifest.xml:27:9-45
activity#com.hori.app4ros.AcitivityMain
ADDED from src\main\AndroidManifest.xml:29:9-37:20
	android:label
		ADDED from src\main\AndroidManifest.xml:31:13-45
	android:name
		ADDED from src\main\AndroidManifest.xml:30:13-58
intent-filter#android.intent.action.MAIN+android.intent.category.LAUNCHER
ADDED from src\main\AndroidManifest.xml:32:4-36:29
action#android.intent.action.MAIN
ADDED from src\main\AndroidManifest.xml:33:17-69
	android:name
		ADDED from src\main\AndroidManifest.xml:33:25-66
category#android.intent.category.LAUNCHER
ADDED from src\main\AndroidManifest.xml:35:17-77
	android:name
		ADDED from src\main\AndroidManifest.xml:35:27-74
activity#com.hori.roscamera.ActivityCamera
ADDED from src\main\AndroidManifest.xml:39:9-45:20
	android:windowSoftInputMode
		ADDED from src\main\AndroidManifest.xml:43:13-54
	android:screenOrientation
		ADDED from src\main\AndroidManifest.xml:44:13-50
	android:theme
		ADDED from src\main\AndroidManifest.xml:42:13-71
	android:name
		ADDED from src\main\AndroidManifest.xml:40:13-61
	android:launchMode
		ADDED from src\main\AndroidManifest.xml:41:13-42
activity#com.hori.rossecretary.ActivityDatePicker
ADDED from src\main\AndroidManifest.xml:47:9-51:20
	android:label
		ADDED from src\main\AndroidManifest.xml:49:13-53
	android:name
		ADDED from src\main\AndroidManifest.xml:48:13-68
	android:launchMode
		ADDED from src\main\AndroidManifest.xml:50:13-42
activity#com.hori.rossecretary.ActivitySecretary
ADDED from src\main\AndroidManifest.xml:53:9-57:20
	android:label
		ADDED from src\main\AndroidManifest.xml:55:13-51
	android:name
		ADDED from src\main\AndroidManifest.xml:54:13-67
	android:launchMode
		ADDED from src\main\AndroidManifest.xml:56:13-42
activity#com.hori.rossecretary.ActivityEventInfo
ADDED from src\main\AndroidManifest.xml:59:9-63:20
	android:label
		ADDED from src\main\AndroidManifest.xml:61:13-61
	android:name
		ADDED from src\main\AndroidManifest.xml:60:13-67
	android:launchMode
		ADDED from src\main\AndroidManifest.xml:62:13-42
activity#com.hori.voicerecord.ActivityVoiceMain
ADDED from src\main\AndroidManifest.xml:65:9-68:20
	android:name
		ADDED from src\main\AndroidManifest.xml:66:13-66
activity#com.hori.voicerecord.IpSettingActivity
ADDED from src\main\AndroidManifest.xml:70:9-73:20
	android:name
		ADDED from src\main\AndroidManifest.xml:71:13-66